ERROR - 2024-03-29 11:54:00 --> mysqli_sql_exception: Cannot add or update a child row: a foreign key constraint fails in C:\xampp\htdocs\yazlab3\system\Database\MySQLi\Connection.php:306
Stack trace:
#0 C:\xampp\htdocs\yazlab3\system\Database\MySQLi\Connection.php(306): mysqli->query('INSERT INTO rez...', 0)
#1 C:\xampp\htdocs\yazlab3\system\Database\BaseConnection.php(693): CodeIgniter\Database\MySQLi\Connection->execute('INSERT INTO rez...')
#2 C:\xampp\htdocs\yazlab3\system\Database\BaseConnection.php(607): CodeIgniter\Database\BaseConnection->simpleQuery('INSERT INTO rez...')
#3 C:\xampp\htdocs\yazlab3\app\Controllers\seat2.php(62): CodeIgniter\Database\BaseConnection->query('INSERT INTO rez...')
#4 C:\xampp\htdocs\yazlab3\system\CodeIgniter.php(941): App\Controllers\seat2->index()
#5 C:\xampp\htdocs\yazlab3\system\CodeIgniter.php(502): CodeIgniter\CodeIgniter->runController(Object(App\Controllers\seat2))
#6 C:\xampp\htdocs\yazlab3\system\CodeIgniter.php(361): CodeIgniter\CodeIgniter->handleRequest(NULL, Object(Config\Cache), false)
#7 C:\xampp\htdocs\yazlab3\index.php(79): CodeIgniter\CodeIgniter->run()
#8 {main}
CRITICAL - 2024-03-29 11:54:00 --> CodeIgniter\Database\Exceptions\DatabaseException: Cannot add or update a child row: a foreign key constraint fails
in SYSTEMPATH\Database\BaseConnection.php on line 647.
 1 APPPATH\Controllers\seat2.php(62): CodeIgniter\Database\BaseConnection->query('INSERT INTO rezervasyonlar(rezervasyon_id,user_id,sefer_id,koltuk_no,rezervasyon_tarihi,rezervasyon_durumu)
                  VALUES(\'\',\'2\',\'6\',\'158\',\'2024-03-29 11:54:00\',\'rezerve\')')
 2 SYSTEMPATH\CodeIgniter.php(941): App\Controllers\seat2->index()
 3 SYSTEMPATH\CodeIgniter.php(502): CodeIgniter\CodeIgniter->runController(Object(App\Controllers\seat2))
 4 SYSTEMPATH\CodeIgniter.php(361): CodeIgniter\CodeIgniter->handleRequest(null, Object(Config\Cache), false)
 5 FCPATH\index.php(79): CodeIgniter\CodeIgniter->run()
CRITICAL - 2024-03-29 11:54:00 --> [Caused by] CodeIgniter\Database\Exceptions\DatabaseException: Cannot add or update a child row: a foreign key constraint fails
in SYSTEMPATH\Database\MySQLi\Connection.php on line 311.
 1 SYSTEMPATH\Database\BaseConnection.php(693): CodeIgniter\Database\MySQLi\Connection->execute('INSERT INTO rezervasyonlar(rezervasyon_id,user_id,sefer_id,koltuk_no,rezervasyon_tarihi,rezervasyon_durumu)
                  VALUES(\'\',\'2\',\'6\',\'158\',\'2024-03-29 11:54:00\',\'rezerve\')')
 2 SYSTEMPATH\Database\BaseConnection.php(607): CodeIgniter\Database\BaseConnection->simpleQuery('INSERT INTO rezervasyonlar(rezervasyon_id,user_id,sefer_id,koltuk_no,rezervasyon_tarihi,rezervasyon_durumu)
                  VALUES(\'\',\'2\',\'6\',\'158\',\'2024-03-29 11:54:00\',\'rezerve\')')
 3 APPPATH\Controllers\seat2.php(62): CodeIgniter\Database\BaseConnection->query('INSERT INTO rezervasyonlar(rezervasyon_id,user_id,sefer_id,koltuk_no,rezervasyon_tarihi,rezervasyon_durumu)
                  VALUES(\'\',\'2\',\'6\',\'158\',\'2024-03-29 11:54:00\',\'rezerve\')')
 4 SYSTEMPATH\CodeIgniter.php(941): App\Controllers\seat2->index()
 5 SYSTEMPATH\CodeIgniter.php(502): CodeIgniter\CodeIgniter->runController(Object(App\Controllers\seat2))
 6 SYSTEMPATH\CodeIgniter.php(361): CodeIgniter\CodeIgniter->handleRequest(null, Object(Config\Cache), false)
 7 FCPATH\index.php(79): CodeIgniter\CodeIgniter->run()
CRITICAL - 2024-03-29 11:54:00 --> [Caused by] mysqli_sql_exception: Cannot add or update a child row: a foreign key constraint fails
in SYSTEMPATH\Database\MySQLi\Connection.php on line 306.
 1 SYSTEMPATH\Database\MySQLi\Connection.php(306): mysqli->query('INSERT INTO rezervasyonlar(rezervasyon_id,user_id,sefer_id,koltuk_no,rezervasyon_tarihi,rezervasyon_durumu)
                  VALUES(\'\',\'2\',\'6\',\'158\',\'2024-03-29 11:54:00\',\'rezerve\')', 0)
 2 SYSTEMPATH\Database\BaseConnection.php(693): CodeIgniter\Database\MySQLi\Connection->execute('INSERT INTO rezervasyonlar(rezervasyon_id,user_id,sefer_id,koltuk_no,rezervasyon_tarihi,rezervasyon_durumu)
                  VALUES(\'\',\'2\',\'6\',\'158\',\'2024-03-29 11:54:00\',\'rezerve\')')
 3 SYSTEMPATH\Database\BaseConnection.php(607): CodeIgniter\Database\BaseConnection->simpleQuery('INSERT INTO rezervasyonlar(rezervasyon_id,user_id,sefer_id,koltuk_no,rezervasyon_tarihi,rezervasyon_durumu)
                  VALUES(\'\',\'2\',\'6\',\'158\',\'2024-03-29 11:54:00\',\'rezerve\')')
 4 APPPATH\Controllers\seat2.php(62): CodeIgniter\Database\BaseConnection->query('INSERT INTO rezervasyonlar(rezervasyon_id,user_id,sefer_id,koltuk_no,rezervasyon_tarihi,rezervasyon_durumu)
                  VALUES(\'\',\'2\',\'6\',\'158\',\'2024-03-29 11:54:00\',\'rezerve\')')
 5 SYSTEMPATH\CodeIgniter.php(941): App\Controllers\seat2->index()
 6 SYSTEMPATH\CodeIgniter.php(502): CodeIgniter\CodeIgniter->runController(Object(App\Controllers\seat2))
 7 SYSTEMPATH\CodeIgniter.php(361): CodeIgniter\CodeIgniter->handleRequest(null, Object(Config\Cache), false)
 8 FCPATH\index.php(79): CodeIgniter\CodeIgniter->run()
ERROR - 2024-03-29 11:54:07 --> mysqli_sql_exception: Cannot add or update a child row: a foreign key constraint fails in C:\xampp\htdocs\yazlab3\system\Database\MySQLi\Connection.php:306
Stack trace:
#0 C:\xampp\htdocs\yazlab3\system\Database\MySQLi\Connection.php(306): mysqli->query('INSERT INTO rez...', 0)
#1 C:\xampp\htdocs\yazlab3\system\Database\BaseConnection.php(693): CodeIgniter\Database\MySQLi\Connection->execute('INSERT INTO rez...')
#2 C:\xampp\htdocs\yazlab3\system\Database\BaseConnection.php(607): CodeIgniter\Database\BaseConnection->simpleQuery('INSERT INTO rez...')
#3 C:\xampp\htdocs\yazlab3\app\Controllers\seat2.php(62): CodeIgniter\Database\BaseConnection->query('INSERT INTO rez...')
#4 C:\xampp\htdocs\yazlab3\system\CodeIgniter.php(941): App\Controllers\seat2->index()
#5 C:\xampp\htdocs\yazlab3\system\CodeIgniter.php(502): CodeIgniter\CodeIgniter->runController(Object(App\Controllers\seat2))
#6 C:\xampp\htdocs\yazlab3\system\CodeIgniter.php(361): CodeIgniter\CodeIgniter->handleRequest(NULL, Object(Config\Cache), false)
#7 C:\xampp\htdocs\yazlab3\index.php(79): CodeIgniter\CodeIgniter->run()
#8 {main}
CRITICAL - 2024-03-29 11:54:07 --> CodeIgniter\Database\Exceptions\DatabaseException: Cannot add or update a child row: a foreign key constraint fails
in SYSTEMPATH\Database\BaseConnection.php on line 647.
 1 APPPATH\Controllers\seat2.php(62): CodeIgniter\Database\BaseConnection->query('INSERT INTO rezervasyonlar(rezervasyon_id,user_id,sefer_id,koltuk_no,rezervasyon_tarihi,rezervasyon_durumu)
                  VALUES(\'\',\'2\',\'6\',\'158\',\'2024-03-29 11:54:07\',\'rezerve\')')
 2 SYSTEMPATH\CodeIgniter.php(941): App\Controllers\seat2->index()
 3 SYSTEMPATH\CodeIgniter.php(502): CodeIgniter\CodeIgniter->runController(Object(App\Controllers\seat2))
 4 SYSTEMPATH\CodeIgniter.php(361): CodeIgniter\CodeIgniter->handleRequest(null, Object(Config\Cache), false)
 5 FCPATH\index.php(79): CodeIgniter\CodeIgniter->run()
CRITICAL - 2024-03-29 11:54:07 --> [Caused by] CodeIgniter\Database\Exceptions\DatabaseException: Cannot add or update a child row: a foreign key constraint fails
in SYSTEMPATH\Database\MySQLi\Connection.php on line 311.
 1 SYSTEMPATH\Database\BaseConnection.php(693): CodeIgniter\Database\MySQLi\Connection->execute('INSERT INTO rezervasyonlar(rezervasyon_id,user_id,sefer_id,koltuk_no,rezervasyon_tarihi,rezervasyon_durumu)
                  VALUES(\'\',\'2\',\'6\',\'158\',\'2024-03-29 11:54:07\',\'rezerve\')')
 2 SYSTEMPATH\Database\BaseConnection.php(607): CodeIgniter\Database\BaseConnection->simpleQuery('INSERT INTO rezervasyonlar(rezervasyon_id,user_id,sefer_id,koltuk_no,rezervasyon_tarihi,rezervasyon_durumu)
                  VALUES(\'\',\'2\',\'6\',\'158\',\'2024-03-29 11:54:07\',\'rezerve\')')
 3 APPPATH\Controllers\seat2.php(62): CodeIgniter\Database\BaseConnection->query('INSERT INTO rezervasyonlar(rezervasyon_id,user_id,sefer_id,koltuk_no,rezervasyon_tarihi,rezervasyon_durumu)
                  VALUES(\'\',\'2\',\'6\',\'158\',\'2024-03-29 11:54:07\',\'rezerve\')')
 4 SYSTEMPATH\CodeIgniter.php(941): App\Controllers\seat2->index()
 5 SYSTEMPATH\CodeIgniter.php(502): CodeIgniter\CodeIgniter->runController(Object(App\Controllers\seat2))
 6 SYSTEMPATH\CodeIgniter.php(361): CodeIgniter\CodeIgniter->handleRequest(null, Object(Config\Cache), false)
 7 FCPATH\index.php(79): CodeIgniter\CodeIgniter->run()
CRITICAL - 2024-03-29 11:54:07 --> [Caused by] mysqli_sql_exception: Cannot add or update a child row: a foreign key constraint fails
in SYSTEMPATH\Database\MySQLi\Connection.php on line 306.
 1 SYSTEMPATH\Database\MySQLi\Connection.php(306): mysqli->query('INSERT INTO rezervasyonlar(rezervasyon_id,user_id,sefer_id,koltuk_no,rezervasyon_tarihi,rezervasyon_durumu)
                  VALUES(\'\',\'2\',\'6\',\'158\',\'2024-03-29 11:54:07\',\'rezerve\')', 0)
 2 SYSTEMPATH\Database\BaseConnection.php(693): CodeIgniter\Database\MySQLi\Connection->execute('INSERT INTO rezervasyonlar(rezervasyon_id,user_id,sefer_id,koltuk_no,rezervasyon_tarihi,rezervasyon_durumu)
                  VALUES(\'\',\'2\',\'6\',\'158\',\'2024-03-29 11:54:07\',\'rezerve\')')
 3 SYSTEMPATH\Database\BaseConnection.php(607): CodeIgniter\Database\BaseConnection->simpleQuery('INSERT INTO rezervasyonlar(rezervasyon_id,user_id,sefer_id,koltuk_no,rezervasyon_tarihi,rezervasyon_durumu)
                  VALUES(\'\',\'2\',\'6\',\'158\',\'2024-03-29 11:54:07\',\'rezerve\')')
 4 APPPATH\Controllers\seat2.php(62): CodeIgniter\Database\BaseConnection->query('INSERT INTO rezervasyonlar(rezervasyon_id,user_id,sefer_id,koltuk_no,rezervasyon_tarihi,rezervasyon_durumu)
                  VALUES(\'\',\'2\',\'6\',\'158\',\'2024-03-29 11:54:07\',\'rezerve\')')
 5 SYSTEMPATH\CodeIgniter.php(941): App\Controllers\seat2->index()
 6 SYSTEMPATH\CodeIgniter.php(502): CodeIgniter\CodeIgniter->runController(Object(App\Controllers\seat2))
 7 SYSTEMPATH\CodeIgniter.php(361): CodeIgniter\CodeIgniter->handleRequest(null, Object(Config\Cache), false)
 8 FCPATH\index.php(79): CodeIgniter\CodeIgniter->run()
