ERROR - 2024-03-26 19:46:36 --> mysqli_sql_exception: Cannot add or update a child row: a foreign key constraint fails in C:\xampp\htdocs\yazlab3\system\Database\MySQLi\Connection.php:306
Stack trace:
#0 C:\xampp\htdocs\yazlab3\system\Database\MySQLi\Connection.php(306): mysqli->query('INSERT INTO rez...', 0)
#1 C:\xampp\htdocs\yazlab3\system\Database\BaseConnection.php(693): CodeIgniter\Database\MySQLi\Connection->execute('INSERT INTO rez...')
#2 C:\xampp\htdocs\yazlab3\system\Database\BaseConnection.php(607): CodeIgniter\Database\BaseConnection->simpleQuery('INSERT INTO rez...')
#3 C:\xampp\htdocs\yazlab3\app\Controllers\seat2.php(59): CodeIgniter\Database\BaseConnection->query('INSERT INTO rez...')
#4 C:\xampp\htdocs\yazlab3\system\CodeIgniter.php(941): App\Controllers\seat2->index()
#5 C:\xampp\htdocs\yazlab3\system\CodeIgniter.php(502): CodeIgniter\CodeIgniter->runController(Object(App\Controllers\seat2))
#6 C:\xampp\htdocs\yazlab3\system\CodeIgniter.php(361): CodeIgniter\CodeIgniter->handleRequest(NULL, Object(Config\Cache), false)
#7 C:\xampp\htdocs\yazlab3\index.php(79): CodeIgniter\CodeIgniter->run()
#8 {main}
CRITICAL - 2024-03-26 19:46:36 --> CodeIgniter\Database\Exceptions\DatabaseException: Cannot add or update a child row: a foreign key constraint fails
in SYSTEMPATH\Database\BaseConnection.php on line 647.
 1 APPPATH\Controllers\seat2.php(59): CodeIgniter\Database\BaseConnection->query('INSERT INTO rezervasyonlar(rezervasyon_id,user_id,sefer_id,koltuk_no,rezervasyon_tarihi,rezervasyon_durumu)
                  VALUES(\'\',\'2\',\'6\',\'120\',\'2024-03-26 19:46:36\',\'rezerve\')')
 2 SYSTEMPATH\CodeIgniter.php(941): App\Controllers\seat2->index()
 3 SYSTEMPATH\CodeIgniter.php(502): CodeIgniter\CodeIgniter->runController(Object(App\Controllers\seat2))
 4 SYSTEMPATH\CodeIgniter.php(361): CodeIgniter\CodeIgniter->handleRequest(null, Object(Config\Cache), false)
 5 FCPATH\index.php(79): CodeIgniter\CodeIgniter->run()
CRITICAL - 2024-03-26 19:46:36 --> [Caused by] CodeIgniter\Database\Exceptions\DatabaseException: Cannot add or update a child row: a foreign key constraint fails
in SYSTEMPATH\Database\MySQLi\Connection.php on line 311.
 1 SYSTEMPATH\Database\BaseConnection.php(693): CodeIgniter\Database\MySQLi\Connection->execute('INSERT INTO rezervasyonlar(rezervasyon_id,user_id,sefer_id,koltuk_no,rezervasyon_tarihi,rezervasyon_durumu)
                  VALUES(\'\',\'2\',\'6\',\'120\',\'2024-03-26 19:46:36\',\'rezerve\')')
 2 SYSTEMPATH\Database\BaseConnection.php(607): CodeIgniter\Database\BaseConnection->simpleQuery('INSERT INTO rezervasyonlar(rezervasyon_id,user_id,sefer_id,koltuk_no,rezervasyon_tarihi,rezervasyon_durumu)
                  VALUES(\'\',\'2\',\'6\',\'120\',\'2024-03-26 19:46:36\',\'rezerve\')')
 3 APPPATH\Controllers\seat2.php(59): CodeIgniter\Database\BaseConnection->query('INSERT INTO rezervasyonlar(rezervasyon_id,user_id,sefer_id,koltuk_no,rezervasyon_tarihi,rezervasyon_durumu)
                  VALUES(\'\',\'2\',\'6\',\'120\',\'2024-03-26 19:46:36\',\'rezerve\')')
 4 SYSTEMPATH\CodeIgniter.php(941): App\Controllers\seat2->index()
 5 SYSTEMPATH\CodeIgniter.php(502): CodeIgniter\CodeIgniter->runController(Object(App\Controllers\seat2))
 6 SYSTEMPATH\CodeIgniter.php(361): CodeIgniter\CodeIgniter->handleRequest(null, Object(Config\Cache), false)
 7 FCPATH\index.php(79): CodeIgniter\CodeIgniter->run()
CRITICAL - 2024-03-26 19:46:36 --> [Caused by] mysqli_sql_exception: Cannot add or update a child row: a foreign key constraint fails
in SYSTEMPATH\Database\MySQLi\Connection.php on line 306.
 1 SYSTEMPATH\Database\MySQLi\Connection.php(306): mysqli->query('INSERT INTO rezervasyonlar(rezervasyon_id,user_id,sefer_id,koltuk_no,rezervasyon_tarihi,rezervasyon_durumu)
                  VALUES(\'\',\'2\',\'6\',\'120\',\'2024-03-26 19:46:36\',\'rezerve\')', 0)
 2 SYSTEMPATH\Database\BaseConnection.php(693): CodeIgniter\Database\MySQLi\Connection->execute('INSERT INTO rezervasyonlar(rezervasyon_id,user_id,sefer_id,koltuk_no,rezervasyon_tarihi,rezervasyon_durumu)
                  VALUES(\'\',\'2\',\'6\',\'120\',\'2024-03-26 19:46:36\',\'rezerve\')')
 3 SYSTEMPATH\Database\BaseConnection.php(607): CodeIgniter\Database\BaseConnection->simpleQuery('INSERT INTO rezervasyonlar(rezervasyon_id,user_id,sefer_id,koltuk_no,rezervasyon_tarihi,rezervasyon_durumu)
                  VALUES(\'\',\'2\',\'6\',\'120\',\'2024-03-26 19:46:36\',\'rezerve\')')
 4 APPPATH\Controllers\seat2.php(59): CodeIgniter\Database\BaseConnection->query('INSERT INTO rezervasyonlar(rezervasyon_id,user_id,sefer_id,koltuk_no,rezervasyon_tarihi,rezervasyon_durumu)
                  VALUES(\'\',\'2\',\'6\',\'120\',\'2024-03-26 19:46:36\',\'rezerve\')')
 5 SYSTEMPATH\CodeIgniter.php(941): App\Controllers\seat2->index()
 6 SYSTEMPATH\CodeIgniter.php(502): CodeIgniter\CodeIgniter->runController(Object(App\Controllers\seat2))
 7 SYSTEMPATH\CodeIgniter.php(361): CodeIgniter\CodeIgniter->handleRequest(null, Object(Config\Cache), false)
 8 FCPATH\index.php(79): CodeIgniter\CodeIgniter->run()
ERROR - 2024-03-26 19:51:13 --> mysqli_sql_exception: Cannot add or update a child row: a foreign key constraint fails in C:\xampp\htdocs\yazlab3\system\Database\MySQLi\Connection.php:306
Stack trace:
#0 C:\xampp\htdocs\yazlab3\system\Database\MySQLi\Connection.php(306): mysqli->query('INSERT INTO rez...', 0)
#1 C:\xampp\htdocs\yazlab3\system\Database\BaseConnection.php(693): CodeIgniter\Database\MySQLi\Connection->execute('INSERT INTO rez...')
#2 C:\xampp\htdocs\yazlab3\system\Database\BaseConnection.php(607): CodeIgniter\Database\BaseConnection->simpleQuery('INSERT INTO rez...')
#3 C:\xampp\htdocs\yazlab3\app\Controllers\seat2.php(59): CodeIgniter\Database\BaseConnection->query('INSERT INTO rez...')
#4 C:\xampp\htdocs\yazlab3\system\CodeIgniter.php(941): App\Controllers\seat2->index()
#5 C:\xampp\htdocs\yazlab3\system\CodeIgniter.php(502): CodeIgniter\CodeIgniter->runController(Object(App\Controllers\seat2))
#6 C:\xampp\htdocs\yazlab3\system\CodeIgniter.php(361): CodeIgniter\CodeIgniter->handleRequest(NULL, Object(Config\Cache), false)
#7 C:\xampp\htdocs\yazlab3\index.php(79): CodeIgniter\CodeIgniter->run()
#8 {main}
CRITICAL - 2024-03-26 19:51:13 --> CodeIgniter\Database\Exceptions\DatabaseException: Cannot add or update a child row: a foreign key constraint fails
in SYSTEMPATH\Database\BaseConnection.php on line 647.
 1 APPPATH\Controllers\seat2.php(59): CodeIgniter\Database\BaseConnection->query('INSERT INTO rezervasyonlar(rezervasyon_id,user_id,sefer_id,koltuk_no,rezervasyon_tarihi,rezervasyon_durumu)
                  VALUES(\'\',\'2\',\'6\',\'120\',\'2024-03-26 19:51:13\',\'rezerve\')')
 2 SYSTEMPATH\CodeIgniter.php(941): App\Controllers\seat2->index()
 3 SYSTEMPATH\CodeIgniter.php(502): CodeIgniter\CodeIgniter->runController(Object(App\Controllers\seat2))
 4 SYSTEMPATH\CodeIgniter.php(361): CodeIgniter\CodeIgniter->handleRequest(null, Object(Config\Cache), false)
 5 FCPATH\index.php(79): CodeIgniter\CodeIgniter->run()
CRITICAL - 2024-03-26 19:51:13 --> [Caused by] CodeIgniter\Database\Exceptions\DatabaseException: Cannot add or update a child row: a foreign key constraint fails
in SYSTEMPATH\Database\MySQLi\Connection.php on line 311.
 1 SYSTEMPATH\Database\BaseConnection.php(693): CodeIgniter\Database\MySQLi\Connection->execute('INSERT INTO rezervasyonlar(rezervasyon_id,user_id,sefer_id,koltuk_no,rezervasyon_tarihi,rezervasyon_durumu)
                  VALUES(\'\',\'2\',\'6\',\'120\',\'2024-03-26 19:51:13\',\'rezerve\')')
 2 SYSTEMPATH\Database\BaseConnection.php(607): CodeIgniter\Database\BaseConnection->simpleQuery('INSERT INTO rezervasyonlar(rezervasyon_id,user_id,sefer_id,koltuk_no,rezervasyon_tarihi,rezervasyon_durumu)
                  VALUES(\'\',\'2\',\'6\',\'120\',\'2024-03-26 19:51:13\',\'rezerve\')')
 3 APPPATH\Controllers\seat2.php(59): CodeIgniter\Database\BaseConnection->query('INSERT INTO rezervasyonlar(rezervasyon_id,user_id,sefer_id,koltuk_no,rezervasyon_tarihi,rezervasyon_durumu)
                  VALUES(\'\',\'2\',\'6\',\'120\',\'2024-03-26 19:51:13\',\'rezerve\')')
 4 SYSTEMPATH\CodeIgniter.php(941): App\Controllers\seat2->index()
 5 SYSTEMPATH\CodeIgniter.php(502): CodeIgniter\CodeIgniter->runController(Object(App\Controllers\seat2))
 6 SYSTEMPATH\CodeIgniter.php(361): CodeIgniter\CodeIgniter->handleRequest(null, Object(Config\Cache), false)
 7 FCPATH\index.php(79): CodeIgniter\CodeIgniter->run()
CRITICAL - 2024-03-26 19:51:13 --> [Caused by] mysqli_sql_exception: Cannot add or update a child row: a foreign key constraint fails
in SYSTEMPATH\Database\MySQLi\Connection.php on line 306.
 1 SYSTEMPATH\Database\MySQLi\Connection.php(306): mysqli->query('INSERT INTO rezervasyonlar(rezervasyon_id,user_id,sefer_id,koltuk_no,rezervasyon_tarihi,rezervasyon_durumu)
                  VALUES(\'\',\'2\',\'6\',\'120\',\'2024-03-26 19:51:13\',\'rezerve\')', 0)
 2 SYSTEMPATH\Database\BaseConnection.php(693): CodeIgniter\Database\MySQLi\Connection->execute('INSERT INTO rezervasyonlar(rezervasyon_id,user_id,sefer_id,koltuk_no,rezervasyon_tarihi,rezervasyon_durumu)
                  VALUES(\'\',\'2\',\'6\',\'120\',\'2024-03-26 19:51:13\',\'rezerve\')')
 3 SYSTEMPATH\Database\BaseConnection.php(607): CodeIgniter\Database\BaseConnection->simpleQuery('INSERT INTO rezervasyonlar(rezervasyon_id,user_id,sefer_id,koltuk_no,rezervasyon_tarihi,rezervasyon_durumu)
                  VALUES(\'\',\'2\',\'6\',\'120\',\'2024-03-26 19:51:13\',\'rezerve\')')
 4 APPPATH\Controllers\seat2.php(59): CodeIgniter\Database\BaseConnection->query('INSERT INTO rezervasyonlar(rezervasyon_id,user_id,sefer_id,koltuk_no,rezervasyon_tarihi,rezervasyon_durumu)
                  VALUES(\'\',\'2\',\'6\',\'120\',\'2024-03-26 19:51:13\',\'rezerve\')')
 5 SYSTEMPATH\CodeIgniter.php(941): App\Controllers\seat2->index()
 6 SYSTEMPATH\CodeIgniter.php(502): CodeIgniter\CodeIgniter->runController(Object(App\Controllers\seat2))
 7 SYSTEMPATH\CodeIgniter.php(361): CodeIgniter\CodeIgniter->handleRequest(null, Object(Config\Cache), false)
 8 FCPATH\index.php(79): CodeIgniter\CodeIgniter->run()
ERROR - 2024-03-26 19:51:32 --> mysqli_sql_exception: Cannot add or update a child row: a foreign key constraint fails in C:\xampp\htdocs\yazlab3\system\Database\MySQLi\Connection.php:306
Stack trace:
#0 C:\xampp\htdocs\yazlab3\system\Database\MySQLi\Connection.php(306): mysqli->query('INSERT INTO rez...', 0)
#1 C:\xampp\htdocs\yazlab3\system\Database\BaseConnection.php(693): CodeIgniter\Database\MySQLi\Connection->execute('INSERT INTO rez...')
#2 C:\xampp\htdocs\yazlab3\system\Database\BaseConnection.php(607): CodeIgniter\Database\BaseConnection->simpleQuery('INSERT INTO rez...')
#3 C:\xampp\htdocs\yazlab3\app\Controllers\seat2.php(59): CodeIgniter\Database\BaseConnection->query('INSERT INTO rez...')
#4 C:\xampp\htdocs\yazlab3\system\CodeIgniter.php(941): App\Controllers\seat2->index()
#5 C:\xampp\htdocs\yazlab3\system\CodeIgniter.php(502): CodeIgniter\CodeIgniter->runController(Object(App\Controllers\seat2))
#6 C:\xampp\htdocs\yazlab3\system\CodeIgniter.php(361): CodeIgniter\CodeIgniter->handleRequest(NULL, Object(Config\Cache), false)
#7 C:\xampp\htdocs\yazlab3\index.php(79): CodeIgniter\CodeIgniter->run()
#8 {main}
CRITICAL - 2024-03-26 19:51:32 --> CodeIgniter\Database\Exceptions\DatabaseException: Cannot add or update a child row: a foreign key constraint fails
in SYSTEMPATH\Database\BaseConnection.php on line 647.
 1 APPPATH\Controllers\seat2.php(59): CodeIgniter\Database\BaseConnection->query('INSERT INTO rezervasyonlar(rezervasyon_id,user_id,sefer_id,koltuk_no,rezervasyon_tarihi,rezervasyon_durumu)
                  VALUES(\'\',\'2\',\'6\',\'120\',\'2024-03-26 19:51:32\',\'rezerve\')')
 2 SYSTEMPATH\CodeIgniter.php(941): App\Controllers\seat2->index()
 3 SYSTEMPATH\CodeIgniter.php(502): CodeIgniter\CodeIgniter->runController(Object(App\Controllers\seat2))
 4 SYSTEMPATH\CodeIgniter.php(361): CodeIgniter\CodeIgniter->handleRequest(null, Object(Config\Cache), false)
 5 FCPATH\index.php(79): CodeIgniter\CodeIgniter->run()
CRITICAL - 2024-03-26 19:51:32 --> [Caused by] CodeIgniter\Database\Exceptions\DatabaseException: Cannot add or update a child row: a foreign key constraint fails
in SYSTEMPATH\Database\MySQLi\Connection.php on line 311.
 1 SYSTEMPATH\Database\BaseConnection.php(693): CodeIgniter\Database\MySQLi\Connection->execute('INSERT INTO rezervasyonlar(rezervasyon_id,user_id,sefer_id,koltuk_no,rezervasyon_tarihi,rezervasyon_durumu)
                  VALUES(\'\',\'2\',\'6\',\'120\',\'2024-03-26 19:51:32\',\'rezerve\')')
 2 SYSTEMPATH\Database\BaseConnection.php(607): CodeIgniter\Database\BaseConnection->simpleQuery('INSERT INTO rezervasyonlar(rezervasyon_id,user_id,sefer_id,koltuk_no,rezervasyon_tarihi,rezervasyon_durumu)
                  VALUES(\'\',\'2\',\'6\',\'120\',\'2024-03-26 19:51:32\',\'rezerve\')')
 3 APPPATH\Controllers\seat2.php(59): CodeIgniter\Database\BaseConnection->query('INSERT INTO rezervasyonlar(rezervasyon_id,user_id,sefer_id,koltuk_no,rezervasyon_tarihi,rezervasyon_durumu)
                  VALUES(\'\',\'2\',\'6\',\'120\',\'2024-03-26 19:51:32\',\'rezerve\')')
 4 SYSTEMPATH\CodeIgniter.php(941): App\Controllers\seat2->index()
 5 SYSTEMPATH\CodeIgniter.php(502): CodeIgniter\CodeIgniter->runController(Object(App\Controllers\seat2))
 6 SYSTEMPATH\CodeIgniter.php(361): CodeIgniter\CodeIgniter->handleRequest(null, Object(Config\Cache), false)
 7 FCPATH\index.php(79): CodeIgniter\CodeIgniter->run()
CRITICAL - 2024-03-26 19:51:32 --> [Caused by] mysqli_sql_exception: Cannot add or update a child row: a foreign key constraint fails
in SYSTEMPATH\Database\MySQLi\Connection.php on line 306.
 1 SYSTEMPATH\Database\MySQLi\Connection.php(306): mysqli->query('INSERT INTO rezervasyonlar(rezervasyon_id,user_id,sefer_id,koltuk_no,rezervasyon_tarihi,rezervasyon_durumu)
                  VALUES(\'\',\'2\',\'6\',\'120\',\'2024-03-26 19:51:32\',\'rezerve\')', 0)
 2 SYSTEMPATH\Database\BaseConnection.php(693): CodeIgniter\Database\MySQLi\Connection->execute('INSERT INTO rezervasyonlar(rezervasyon_id,user_id,sefer_id,koltuk_no,rezervasyon_tarihi,rezervasyon_durumu)
                  VALUES(\'\',\'2\',\'6\',\'120\',\'2024-03-26 19:51:32\',\'rezerve\')')
 3 SYSTEMPATH\Database\BaseConnection.php(607): CodeIgniter\Database\BaseConnection->simpleQuery('INSERT INTO rezervasyonlar(rezervasyon_id,user_id,sefer_id,koltuk_no,rezervasyon_tarihi,rezervasyon_durumu)
                  VALUES(\'\',\'2\',\'6\',\'120\',\'2024-03-26 19:51:32\',\'rezerve\')')
 4 APPPATH\Controllers\seat2.php(59): CodeIgniter\Database\BaseConnection->query('INSERT INTO rezervasyonlar(rezervasyon_id,user_id,sefer_id,koltuk_no,rezervasyon_tarihi,rezervasyon_durumu)
                  VALUES(\'\',\'2\',\'6\',\'120\',\'2024-03-26 19:51:32\',\'rezerve\')')
 5 SYSTEMPATH\CodeIgniter.php(941): App\Controllers\seat2->index()
 6 SYSTEMPATH\CodeIgniter.php(502): CodeIgniter\CodeIgniter->runController(Object(App\Controllers\seat2))
 7 SYSTEMPATH\CodeIgniter.php(361): CodeIgniter\CodeIgniter->handleRequest(null, Object(Config\Cache), false)
 8 FCPATH\index.php(79): CodeIgniter\CodeIgniter->run()
ERROR - 2024-03-26 20:14:00 --> mysqli_sql_exception: Cannot add or update a child row: a foreign key constraint fails in C:\xampp\htdocs\yazlab3\system\Database\MySQLi\Connection.php:306
Stack trace:
#0 C:\xampp\htdocs\yazlab3\system\Database\MySQLi\Connection.php(306): mysqli->query('INSERT INTO rez...', 0)
#1 C:\xampp\htdocs\yazlab3\system\Database\BaseConnection.php(693): CodeIgniter\Database\MySQLi\Connection->execute('INSERT INTO rez...')
#2 C:\xampp\htdocs\yazlab3\system\Database\BaseConnection.php(607): CodeIgniter\Database\BaseConnection->simpleQuery('INSERT INTO rez...')
#3 C:\xampp\htdocs\yazlab3\app\Controllers\seat2.php(62): CodeIgniter\Database\BaseConnection->query('INSERT INTO rez...')
#4 C:\xampp\htdocs\yazlab3\system\CodeIgniter.php(941): App\Controllers\seat2->index()
#5 C:\xampp\htdocs\yazlab3\system\CodeIgniter.php(502): CodeIgniter\CodeIgniter->runController(Object(App\Controllers\seat2))
#6 C:\xampp\htdocs\yazlab3\system\CodeIgniter.php(361): CodeIgniter\CodeIgniter->handleRequest(NULL, Object(Config\Cache), false)
#7 C:\xampp\htdocs\yazlab3\index.php(79): CodeIgniter\CodeIgniter->run()
#8 {main}
CRITICAL - 2024-03-26 20:14:00 --> CodeIgniter\Database\Exceptions\DatabaseException: Cannot add or update a child row: a foreign key constraint fails
in SYSTEMPATH\Database\BaseConnection.php on line 647.
 1 APPPATH\Controllers\seat2.php(62): CodeIgniter\Database\BaseConnection->query('INSERT INTO rezervasyonlar(rezervasyon_id,user_id,sefer_id,koltuk_no,rezervasyon_tarihi,rezervasyon_durumu)
                  VALUES(\'\',\'2\',\'6\',\'120\',\'2024-03-26 20:14:00\',\'rezerve\')')
 2 SYSTEMPATH\CodeIgniter.php(941): App\Controllers\seat2->index()
 3 SYSTEMPATH\CodeIgniter.php(502): CodeIgniter\CodeIgniter->runController(Object(App\Controllers\seat2))
 4 SYSTEMPATH\CodeIgniter.php(361): CodeIgniter\CodeIgniter->handleRequest(null, Object(Config\Cache), false)
 5 FCPATH\index.php(79): CodeIgniter\CodeIgniter->run()
CRITICAL - 2024-03-26 20:14:00 --> [Caused by] CodeIgniter\Database\Exceptions\DatabaseException: Cannot add or update a child row: a foreign key constraint fails
in SYSTEMPATH\Database\MySQLi\Connection.php on line 311.
 1 SYSTEMPATH\Database\BaseConnection.php(693): CodeIgniter\Database\MySQLi\Connection->execute('INSERT INTO rezervasyonlar(rezervasyon_id,user_id,sefer_id,koltuk_no,rezervasyon_tarihi,rezervasyon_durumu)
                  VALUES(\'\',\'2\',\'6\',\'120\',\'2024-03-26 20:14:00\',\'rezerve\')')
 2 SYSTEMPATH\Database\BaseConnection.php(607): CodeIgniter\Database\BaseConnection->simpleQuery('INSERT INTO rezervasyonlar(rezervasyon_id,user_id,sefer_id,koltuk_no,rezervasyon_tarihi,rezervasyon_durumu)
                  VALUES(\'\',\'2\',\'6\',\'120\',\'2024-03-26 20:14:00\',\'rezerve\')')
 3 APPPATH\Controllers\seat2.php(62): CodeIgniter\Database\BaseConnection->query('INSERT INTO rezervasyonlar(rezervasyon_id,user_id,sefer_id,koltuk_no,rezervasyon_tarihi,rezervasyon_durumu)
                  VALUES(\'\',\'2\',\'6\',\'120\',\'2024-03-26 20:14:00\',\'rezerve\')')
 4 SYSTEMPATH\CodeIgniter.php(941): App\Controllers\seat2->index()
 5 SYSTEMPATH\CodeIgniter.php(502): CodeIgniter\CodeIgniter->runController(Object(App\Controllers\seat2))
 6 SYSTEMPATH\CodeIgniter.php(361): CodeIgniter\CodeIgniter->handleRequest(null, Object(Config\Cache), false)
 7 FCPATH\index.php(79): CodeIgniter\CodeIgniter->run()
CRITICAL - 2024-03-26 20:14:00 --> [Caused by] mysqli_sql_exception: Cannot add or update a child row: a foreign key constraint fails
in SYSTEMPATH\Database\MySQLi\Connection.php on line 306.
 1 SYSTEMPATH\Database\MySQLi\Connection.php(306): mysqli->query('INSERT INTO rezervasyonlar(rezervasyon_id,user_id,sefer_id,koltuk_no,rezervasyon_tarihi,rezervasyon_durumu)
                  VALUES(\'\',\'2\',\'6\',\'120\',\'2024-03-26 20:14:00\',\'rezerve\')', 0)
 2 SYSTEMPATH\Database\BaseConnection.php(693): CodeIgniter\Database\MySQLi\Connection->execute('INSERT INTO rezervasyonlar(rezervasyon_id,user_id,sefer_id,koltuk_no,rezervasyon_tarihi,rezervasyon_durumu)
                  VALUES(\'\',\'2\',\'6\',\'120\',\'2024-03-26 20:14:00\',\'rezerve\')')
 3 SYSTEMPATH\Database\BaseConnection.php(607): CodeIgniter\Database\BaseConnection->simpleQuery('INSERT INTO rezervasyonlar(rezervasyon_id,user_id,sefer_id,koltuk_no,rezervasyon_tarihi,rezervasyon_durumu)
                  VALUES(\'\',\'2\',\'6\',\'120\',\'2024-03-26 20:14:00\',\'rezerve\')')
 4 APPPATH\Controllers\seat2.php(62): CodeIgniter\Database\BaseConnection->query('INSERT INTO rezervasyonlar(rezervasyon_id,user_id,sefer_id,koltuk_no,rezervasyon_tarihi,rezervasyon_durumu)
                  VALUES(\'\',\'2\',\'6\',\'120\',\'2024-03-26 20:14:00\',\'rezerve\')')
 5 SYSTEMPATH\CodeIgniter.php(941): App\Controllers\seat2->index()
 6 SYSTEMPATH\CodeIgniter.php(502): CodeIgniter\CodeIgniter->runController(Object(App\Controllers\seat2))
 7 SYSTEMPATH\CodeIgniter.php(361): CodeIgniter\CodeIgniter->handleRequest(null, Object(Config\Cache), false)
 8 FCPATH\index.php(79): CodeIgniter\CodeIgniter->run()
CRITICAL - 2024-03-26 20:14:24 --> ErrorException: Undefined property: App\Controllers\info::$input
in APPPATH\Controllers\info.php on line 11.
 1 APPPATH\Controllers\info.php(11): CodeIgniter\Debug\Exceptions->errorHandler(2, 'Undefined property: App\\Controllers\\info::$input', 'C:\\xampp\\htdocs\\yazlab3\\app\\Controllers\\info.php', 11)
 2 SYSTEMPATH\CodeIgniter.php(941): App\Controllers\info->index()
 3 SYSTEMPATH\CodeIgniter.php(502): CodeIgniter\CodeIgniter->runController(Object(App\Controllers\info))
 4 SYSTEMPATH\CodeIgniter.php(361): CodeIgniter\CodeIgniter->handleRequest(null, Object(Config\Cache), false)
 5 FCPATH\index.php(79): CodeIgniter\CodeIgniter->run()
CRITICAL - 2024-03-26 20:18:49 --> ErrorException: Undefined property: App\Controllers\info::$input
in APPPATH\Controllers\info.php on line 10.
 1 APPPATH\Controllers\info.php(10): CodeIgniter\Debug\Exceptions->errorHandler(2, 'Undefined property: App\\Controllers\\info::$input', 'C:\\xampp\\htdocs\\yazlab3\\app\\Controllers\\info.php', 10)
 2 SYSTEMPATH\CodeIgniter.php(941): App\Controllers\info->index()
 3 SYSTEMPATH\CodeIgniter.php(502): CodeIgniter\CodeIgniter->runController(Object(App\Controllers\info))
 4 SYSTEMPATH\CodeIgniter.php(361): CodeIgniter\CodeIgniter->handleRequest(null, Object(Config\Cache), false)
 5 FCPATH\index.php(79): CodeIgniter\CodeIgniter->run()
CRITICAL - 2024-03-26 20:21:53 --> ErrorException: Undefined property: App\Controllers\info::$session
in APPPATH\Controllers\info.php on line 10.
 1 APPPATH\Controllers\info.php(10): CodeIgniter\Debug\Exceptions->errorHandler(2, 'Undefined property: App\\Controllers\\info::$session', 'C:\\xampp\\htdocs\\yazlab3\\app\\Controllers\\info.php', 10)
 2 SYSTEMPATH\CodeIgniter.php(941): App\Controllers\info->index()
 3 SYSTEMPATH\CodeIgniter.php(502): CodeIgniter\CodeIgniter->runController(Object(App\Controllers\info))
 4 SYSTEMPATH\CodeIgniter.php(361): CodeIgniter\CodeIgniter->handleRequest(null, Object(Config\Cache), false)
 5 FCPATH\index.php(79): CodeIgniter\CodeIgniter->run()
CRITICAL - 2024-03-26 20:30:20 --> ErrorException: Undefined property: App\Controllers\seat2::$load
in APPPATH\Controllers\seat2.php on line 10.
 1 APPPATH\Controllers\seat2.php(10): CodeIgniter\Debug\Exceptions->errorHandler(2, 'Undefined property: App\\Controllers\\seat2::$load', 'C:\\xampp\\htdocs\\yazlab3\\app\\Controllers\\seat2.php', 10)
 2 SYSTEMPATH\CodeIgniter.php(941): App\Controllers\seat2->index()
 3 SYSTEMPATH\CodeIgniter.php(502): CodeIgniter\CodeIgniter->runController(Object(App\Controllers\seat2))
 4 SYSTEMPATH\CodeIgniter.php(361): CodeIgniter\CodeIgniter->handleRequest(null, Object(Config\Cache), false)
 5 FCPATH\index.php(79): CodeIgniter\CodeIgniter->run()
CRITICAL - 2024-03-26 20:39:04 --> ErrorException: Undefined property: App\Controllers\seat2::$load
in APPPATH\Controllers\seat2.php on line 10.
 1 APPPATH\Controllers\seat2.php(10): CodeIgniter\Debug\Exceptions->errorHandler(2, 'Undefined property: App\\Controllers\\seat2::$load', 'C:\\xampp\\htdocs\\yazlab3\\app\\Controllers\\seat2.php', 10)
 2 SYSTEMPATH\CodeIgniter.php(941): App\Controllers\seat2->index()
 3 SYSTEMPATH\CodeIgniter.php(502): CodeIgniter\CodeIgniter->runController(Object(App\Controllers\seat2))
 4 SYSTEMPATH\CodeIgniter.php(361): CodeIgniter\CodeIgniter->handleRequest(null, Object(Config\Cache), false)
 5 FCPATH\index.php(79): CodeIgniter\CodeIgniter->run()
