CRITICAL - 2024-03-13 21:43:33 --> ErrorException: ini_set(): Session ini settings cannot be changed when a session is active
in SYSTEMPATH\Session\Handlers\FileHandler.php on line 72.
 1 [internal function]: CodeIgniter\Debug\Exceptions->errorHandler(2, 'ini_set(): Session ini settings cannot be changed when a session is active', 'C:\\xampp\\htdocs\\yazlab3\\system\\Session\\Handlers\\FileHandler.php', 72)
 2 SYSTEMPATH\Session\Handlers\FileHandler.php(72): ini_set('session.save_path', 'C:\\xampp\\htdocs\\yazlab3\\writable\\session')
 3 SYSTEMPATH\Config\Services.php(686): CodeIgniter\Session\Handlers\FileHandler->__construct(Object(Config\Session), '::1')
 4 SYSTEMPATH\Config\BaseService.php(258): CodeIgniter\Config\Services::session(Object(Config\Session), false)
 5 SYSTEMPATH\Config\BaseService.php(199): CodeIgniter\Config\BaseService::__callStatic('session', [...])
 6 SYSTEMPATH\Config\Services.php(664): CodeIgniter\Config\BaseService::getSharedInstance('session', null)
 7 SYSTEMPATH\Config\BaseService.php(258): CodeIgniter\Config\Services::session()
 8 SYSTEMPATH\Common.php(982): CodeIgniter\Config\BaseService::__callStatic('session', [])
 9 SYSTEMPATH\CodeIgniter.php(1068): session()
10 SYSTEMPATH\CodeIgniter.php(549): CodeIgniter\CodeIgniter->storePreviousURL(Object(CodeIgniter\HTTP\SiteURI))
11 SYSTEMPATH\CodeIgniter.php(361): CodeIgniter\CodeIgniter->handleRequest(null, Object(Config\Cache), false)
12 FCPATH\index.php(79): CodeIgniter\CodeIgniter->run()
CRITICAL - 2024-03-13 21:55:49 --> CodeIgniter\View\Exceptions\ViewException: Invalid file: "SignUp.php"
in SYSTEMPATH\Exceptions\FrameworkException.php on line 39.
 1 SYSTEMPATH\View\View.php(216): CodeIgniter\Exceptions\FrameworkException::forInvalidFile('SignUp.php')
 2 SYSTEMPATH\Common.php(1178): CodeIgniter\View\View->render('SignUp', [], true)
 3 APPPATH\Controllers\SignUp.php(33): view('SignUp')
 4 SYSTEMPATH\CodeIgniter.php(941): App\Controllers\SignUp->index()
 5 SYSTEMPATH\CodeIgniter.php(502): CodeIgniter\CodeIgniter->runController(Object(App\Controllers\SignUp))
 6 SYSTEMPATH\CodeIgniter.php(361): CodeIgniter\CodeIgniter->handleRequest(null, Object(Config\Cache), false)
 7 FCPATH\index.php(79): CodeIgniter\CodeIgniter->run()
CRITICAL - 2024-03-13 22:08:57 --> ErrorException: include(Database.php): Failed to open stream: No such file or directory
in APPPATH\Controllers\SignUp.php on line 9.
 1 APPPATH\Controllers\SignUp.php(9): CodeIgniter\Debug\Exceptions->errorHandler(2, 'include(Database.php): Failed to open stream: No such file or directory', 'C:\\xampp\\htdocs\\yazlab3\\app\\Controllers\\SignUp.php', 9)
 2 APPPATH\Controllers\SignUp.php(9): include()
 3 SYSTEMPATH\CodeIgniter.php(941): App\Controllers\SignUp->index()
 4 SYSTEMPATH\CodeIgniter.php(502): CodeIgniter\CodeIgniter->runController(Object(App\Controllers\SignUp))
 5 SYSTEMPATH\CodeIgniter.php(361): CodeIgniter\CodeIgniter->handleRequest(null, Object(Config\Cache), false)
 6 FCPATH\index.php(79): CodeIgniter\CodeIgniter->run()
CRITICAL - 2024-03-13 22:40:08 --> mysqli_sql_exception: Invalid character set was provided
in APPPATH\Controllers\connection.php on line 22.
 1 APPPATH\Controllers\connection.php(22): mysqli_set_charset(Object(mysqli), 'UTF-8')
 2 SYSTEMPATH\Autoloader\Autoloader.php(311): include_once('C:\\xampp\\htdocs\\yazlab3\\app\\Controllers\\connection.php')
 3 SYSTEMPATH\Autoloader\Autoloader.php(290): CodeIgniter\Autoloader\Autoloader->includeFile('C:\\xampp\\htdocs\\yazlab3\\app\\Controllers\\connection.php')
 4 SYSTEMPATH\Autoloader\Autoloader.php(266): CodeIgniter\Autoloader\Autoloader->loadInNamespace('App\\Controllers\\connection')
 5 [internal function]: CodeIgniter\Autoloader\Autoloader->loadClass('App\\Controllers\\connection')
 6 SYSTEMPATH\CodeIgniter.php(899): class_exists('\\App\\Controllers\\connection', true)
 7 SYSTEMPATH\CodeIgniter.php(489): CodeIgniter\CodeIgniter->startController()
 8 SYSTEMPATH\CodeIgniter.php(361): CodeIgniter\CodeIgniter->handleRequest(null, Object(Config\Cache), false)
 9 FCPATH\index.php(79): CodeIgniter\CodeIgniter->run()
CRITICAL - 2024-03-13 22:40:44 --> mysqli_sql_exception: Unknown database 'umuttepe_turizm2'
in APPPATH\Controllers\connection.php on line 21.
 1 APPPATH\Controllers\connection.php(21): mysqli_connect('localhost', 'root', Object(SensitiveParameterValue), 'umuttepe_turizm2')
 2 SYSTEMPATH\Autoloader\Autoloader.php(311): include_once('C:\\xampp\\htdocs\\yazlab3\\app\\Controllers\\connection.php')
 3 SYSTEMPATH\Autoloader\Autoloader.php(290): CodeIgniter\Autoloader\Autoloader->includeFile('C:\\xampp\\htdocs\\yazlab3\\app\\Controllers\\connection.php')
 4 SYSTEMPATH\Autoloader\Autoloader.php(266): CodeIgniter\Autoloader\Autoloader->loadInNamespace('App\\Controllers\\connection')
 5 [internal function]: CodeIgniter\Autoloader\Autoloader->loadClass('App\\Controllers\\connection')
 6 SYSTEMPATH\CodeIgniter.php(899): class_exists('\\App\\Controllers\\connection', true)
 7 SYSTEMPATH\CodeIgniter.php(489): CodeIgniter\CodeIgniter->startController()
 8 SYSTEMPATH\CodeIgniter.php(361): CodeIgniter\CodeIgniter->handleRequest(null, Object(Config\Cache), false)
 9 FCPATH\index.php(79): CodeIgniter\CodeIgniter->run()
CRITICAL - 2024-03-13 23:44:15 --> Error: Class "BaseController" not found
in APPPATH\Controllers\deneme.php on line 2.
 1 SYSTEMPATH\Autoloader\Autoloader.php(311): include_once()
 2 SYSTEMPATH\Autoloader\Autoloader.php(290): CodeIgniter\Autoloader\Autoloader->includeFile('C:\\xampp\\htdocs\\yazlab3\\app\\Controllers\\deneme.php')
 3 SYSTEMPATH\Autoloader\Autoloader.php(266): CodeIgniter\Autoloader\Autoloader->loadInNamespace('App\\Controllers\\deneme')
 4 [internal function]: CodeIgniter\Autoloader\Autoloader->loadClass('App\\Controllers\\deneme')
 5 SYSTEMPATH\CodeIgniter.php(899): class_exists('\\App\\Controllers\\deneme', true)
 6 SYSTEMPATH\CodeIgniter.php(489): CodeIgniter\CodeIgniter->startController()
 7 SYSTEMPATH\CodeIgniter.php(361): CodeIgniter\CodeIgniter->handleRequest(null, Object(Config\Cache), false)
 8 FCPATH\index.php(79): CodeIgniter\CodeIgniter->run()
CRITICAL - 2024-03-13 23:44:33 --> Error: Class "BaseController" not found
in APPPATH\Controllers\deneme.php on line 2.
 1 SYSTEMPATH\Autoloader\Autoloader.php(311): include_once()
 2 SYSTEMPATH\Autoloader\Autoloader.php(290): CodeIgniter\Autoloader\Autoloader->includeFile('C:\\xampp\\htdocs\\yazlab3\\app\\Controllers\\deneme.php')
 3 SYSTEMPATH\Autoloader\Autoloader.php(266): CodeIgniter\Autoloader\Autoloader->loadInNamespace('App\\Controllers\\deneme')
 4 [internal function]: CodeIgniter\Autoloader\Autoloader->loadClass('App\\Controllers\\deneme')
 5 SYSTEMPATH\CodeIgniter.php(899): class_exists('\\App\\Controllers\\deneme', true)
 6 SYSTEMPATH\CodeIgniter.php(489): CodeIgniter\CodeIgniter->startController()
 7 SYSTEMPATH\CodeIgniter.php(361): CodeIgniter\CodeIgniter->handleRequest(null, Object(Config\Cache), false)
 8 FCPATH\index.php(79): CodeIgniter\CodeIgniter->run()
CRITICAL - 2024-03-13 23:45:16 --> Error: Cannot call constructor
in APPPATH\Controllers\deneme.php on line 8.
 1 SYSTEMPATH\CodeIgniter.php(913): App\Controllers\deneme->__construct()
 2 SYSTEMPATH\CodeIgniter.php(493): CodeIgniter\CodeIgniter->createController()
 3 SYSTEMPATH\CodeIgniter.php(361): CodeIgniter\CodeIgniter->handleRequest(null, Object(Config\Cache), false)
 4 FCPATH\index.php(79): CodeIgniter\CodeIgniter->run()
