CRITICAL - 2024-03-20 18:06:58 --> ErrorException: Undefined variable $sefer_id
in APPPATH\Controllers\seat2.php on line 43.
 1 APPPATH\Controllers\seat2.php(43): CodeIgniter\Debug\Exceptions->errorHandler(2, 'Undefined variable $sefer_id', 'C:\\xampp\\htdocs\\yazlab3\\app\\Controllers\\seat2.php', 43)
 2 SYSTEMPATH\CodeIgniter.php(941): App\Controllers\seat2->index()
 3 SYSTEMPATH\CodeIgniter.php(502): CodeIgniter\CodeIgniter->runController(Object(App\Controllers\seat2))
 4 SYSTEMPATH\CodeIgniter.php(361): CodeIgniter\CodeIgniter->handleRequest(null, Object(Config\Cache), false)
 5 FCPATH\index.php(79): CodeIgniter\CodeIgniter->run()
CRITICAL - 2024-03-20 18:21:55 --> ParseError: syntax error, unexpected token ";", expecting "function" or "const"
in APPPATH\Controllers\seat2.php on line 55.
 1 SYSTEMPATH\Autoloader\Autoloader.php(290): CodeIgniter\Autoloader\Autoloader->includeFile('C:\\xampp\\htdocs\\yazlab3\\app\\Controllers\\seat2.php')
 2 SYSTEMPATH\Autoloader\Autoloader.php(266): CodeIgniter\Autoloader\Autoloader->loadInNamespace('App\\Controllers\\seat2')
 3 [internal function]: CodeIgniter\Autoloader\Autoloader->loadClass('App\\Controllers\\seat2')
 4 SYSTEMPATH\CodeIgniter.php(899): class_exists('\\App\\Controllers\\seat2', true)
 5 SYSTEMPATH\CodeIgniter.php(489): CodeIgniter\CodeIgniter->startController()
 6 SYSTEMPATH\CodeIgniter.php(361): CodeIgniter\CodeIgniter->handleRequest(null, Object(Config\Cache), false)
 7 FCPATH\index.php(79): CodeIgniter\CodeIgniter->run()
CRITICAL - 2024-03-20 18:23:25 --> ErrorException: Undefined array key "gidis-tarihi"
in APPPATH\Controllers\seat2.php on line 9.
 1 APPPATH\Controllers\seat2.php(9): CodeIgniter\Debug\Exceptions->errorHandler(2, 'Undefined array key "gidis-tarihi"', 'C:\\xampp\\htdocs\\yazlab3\\app\\Controllers\\seat2.php', 9)
 2 SYSTEMPATH\CodeIgniter.php(941): App\Controllers\seat2->index()
 3 SYSTEMPATH\CodeIgniter.php(502): CodeIgniter\CodeIgniter->runController(Object(App\Controllers\seat2))
 4 SYSTEMPATH\CodeIgniter.php(361): CodeIgniter\CodeIgniter->handleRequest(null, Object(Config\Cache), false)
 5 FCPATH\index.php(79): CodeIgniter\CodeIgniter->run()
CRITICAL - 2024-03-20 18:23:58 --> ErrorException: Undefined array key "gidis-tarihi"
in APPPATH\Controllers\seat2.php on line 15.
 1 APPPATH\Controllers\seat2.php(15): CodeIgniter\Debug\Exceptions->errorHandler(2, 'Undefined array key "gidis-tarihi"', 'C:\\xampp\\htdocs\\yazlab3\\app\\Controllers\\seat2.php', 15)
 2 SYSTEMPATH\CodeIgniter.php(941): App\Controllers\seat2->index()
 3 SYSTEMPATH\CodeIgniter.php(502): CodeIgniter\CodeIgniter->runController(Object(App\Controllers\seat2))
 4 SYSTEMPATH\CodeIgniter.php(361): CodeIgniter\CodeIgniter->handleRequest(null, Object(Config\Cache), false)
 5 FCPATH\index.php(79): CodeIgniter\CodeIgniter->run()
CRITICAL - 2024-03-20 18:26:00 --> ErrorException: Undefined array key "gidis-tarihi"
in APPPATH\Controllers\seat2.php on line 15.
 1 APPPATH\Controllers\seat2.php(15): CodeIgniter\Debug\Exceptions->errorHandler(2, 'Undefined array key "gidis-tarihi"', 'C:\\xampp\\htdocs\\yazlab3\\app\\Controllers\\seat2.php', 15)
 2 SYSTEMPATH\CodeIgniter.php(941): App\Controllers\seat2->index()
 3 SYSTEMPATH\CodeIgniter.php(502): CodeIgniter\CodeIgniter->runController(Object(App\Controllers\seat2))
 4 SYSTEMPATH\CodeIgniter.php(361): CodeIgniter\CodeIgniter->handleRequest(null, Object(Config\Cache), false)
 5 FCPATH\index.php(79): CodeIgniter\CodeIgniter->run()
ERROR - 2024-03-20 18:26:12 --> mysqli_sql_exception: Cannot add or update a child row: a foreign key constraint fails (`umuttepe_turizm`.`koltuklar`, CONSTRAINT `sefer_koltu_fk1` FOREIGN KEY (`sefer_id`) REFERENCES `seferler` (`sefer_id`)) in C:\xampp\htdocs\yazlab3\system\Database\MySQLi\Connection.php:306
Stack trace:
#0 C:\xampp\htdocs\yazlab3\system\Database\MySQLi\Connection.php(306): mysqli->query('INSERT INTO kol...', 0)
#1 C:\xampp\htdocs\yazlab3\system\Database\BaseConnection.php(693): CodeIgniter\Database\MySQLi\Connection->execute('INSERT INTO kol...')
#2 C:\xampp\htdocs\yazlab3\system\Database\BaseConnection.php(607): CodeIgniter\Database\BaseConnection->simpleQuery('INSERT INTO kol...')
#3 C:\xampp\htdocs\yazlab3\app\Controllers\seat2.php(42): CodeIgniter\Database\BaseConnection->query('INSERT INTO kol...')
#4 C:\xampp\htdocs\yazlab3\system\CodeIgniter.php(941): App\Controllers\seat2->index()
#5 C:\xampp\htdocs\yazlab3\system\CodeIgniter.php(502): CodeIgniter\CodeIgniter->runController(Object(App\Controllers\seat2))
#6 C:\xampp\htdocs\yazlab3\system\CodeIgniter.php(361): CodeIgniter\CodeIgniter->handleRequest(NULL, Object(Config\Cache), false)
#7 C:\xampp\htdocs\yazlab3\index.php(79): CodeIgniter\CodeIgniter->run()
#8 {main}
CRITICAL - 2024-03-20 18:26:12 --> CodeIgniter\Database\Exceptions\DatabaseException: Cannot add or update a child row: a foreign key constraint fails (`umuttepe_turizm`.`koltuklar`, CONSTRAINT `sefer_koltu_fk1` FOREIGN KEY (`sefer_id`) REFERENCES `seferler` (`sefer_id`))
in SYSTEMPATH\Database\BaseConnection.php on line 647.
 1 APPPATH\Controllers\seat2.php(42): CodeIgniter\Database\BaseConnection->query('INSERT INTO koltuklar (koltuk_id,sefer_id,user_id,koltuk_durum,koltukNumarasi,indirim_orani) VALUES
       (\'\',\'\',\'2\',\'rezerve\',\'8\',\'0\')')
 2 SYSTEMPATH\CodeIgniter.php(941): App\Controllers\seat2->index()
 3 SYSTEMPATH\CodeIgniter.php(502): CodeIgniter\CodeIgniter->runController(Object(App\Controllers\seat2))
 4 SYSTEMPATH\CodeIgniter.php(361): CodeIgniter\CodeIgniter->handleRequest(null, Object(Config\Cache), false)
 5 FCPATH\index.php(79): CodeIgniter\CodeIgniter->run()
CRITICAL - 2024-03-20 18:26:12 --> [Caused by] CodeIgniter\Database\Exceptions\DatabaseException: Cannot add or update a child row: a foreign key constraint fails (`umuttepe_turizm`.`koltuklar`, CONSTRAINT `sefer_koltu_fk1` FOREIGN KEY (`sefer_id`) REFERENCES `seferler` (`sefer_id`))
in SYSTEMPATH\Database\MySQLi\Connection.php on line 311.
 1 SYSTEMPATH\Database\BaseConnection.php(693): CodeIgniter\Database\MySQLi\Connection->execute('INSERT INTO koltuklar (koltuk_id,sefer_id,user_id,koltuk_durum,koltukNumarasi,indirim_orani) VALUES
       (\'\',\'\',\'2\',\'rezerve\',\'8\',\'0\')')
 2 SYSTEMPATH\Database\BaseConnection.php(607): CodeIgniter\Database\BaseConnection->simpleQuery('INSERT INTO koltuklar (koltuk_id,sefer_id,user_id,koltuk_durum,koltukNumarasi,indirim_orani) VALUES
       (\'\',\'\',\'2\',\'rezerve\',\'8\',\'0\')')
 3 APPPATH\Controllers\seat2.php(42): CodeIgniter\Database\BaseConnection->query('INSERT INTO koltuklar (koltuk_id,sefer_id,user_id,koltuk_durum,koltukNumarasi,indirim_orani) VALUES
       (\'\',\'\',\'2\',\'rezerve\',\'8\',\'0\')')
 4 SYSTEMPATH\CodeIgniter.php(941): App\Controllers\seat2->index()
 5 SYSTEMPATH\CodeIgniter.php(502): CodeIgniter\CodeIgniter->runController(Object(App\Controllers\seat2))
 6 SYSTEMPATH\CodeIgniter.php(361): CodeIgniter\CodeIgniter->handleRequest(null, Object(Config\Cache), false)
 7 FCPATH\index.php(79): CodeIgniter\CodeIgniter->run()
CRITICAL - 2024-03-20 18:26:12 --> [Caused by] mysqli_sql_exception: Cannot add or update a child row: a foreign key constraint fails (`umuttepe_turizm`.`koltuklar`, CONSTRAINT `sefer_koltu_fk1` FOREIGN KEY (`sefer_id`) REFERENCES `seferler` (`sefer_id`))
in SYSTEMPATH\Database\MySQLi\Connection.php on line 306.
 1 SYSTEMPATH\Database\MySQLi\Connection.php(306): mysqli->query('INSERT INTO koltuklar (koltuk_id,sefer_id,user_id,koltuk_durum,koltukNumarasi,indirim_orani) VALUES
       (\'\',\'\',\'2\',\'rezerve\',\'8\',\'0\')', 0)
 2 SYSTEMPATH\Database\BaseConnection.php(693): CodeIgniter\Database\MySQLi\Connection->execute('INSERT INTO koltuklar (koltuk_id,sefer_id,user_id,koltuk_durum,koltukNumarasi,indirim_orani) VALUES
       (\'\',\'\',\'2\',\'rezerve\',\'8\',\'0\')')
 3 SYSTEMPATH\Database\BaseConnection.php(607): CodeIgniter\Database\BaseConnection->simpleQuery('INSERT INTO koltuklar (koltuk_id,sefer_id,user_id,koltuk_durum,koltukNumarasi,indirim_orani) VALUES
       (\'\',\'\',\'2\',\'rezerve\',\'8\',\'0\')')
 4 APPPATH\Controllers\seat2.php(42): CodeIgniter\Database\BaseConnection->query('INSERT INTO koltuklar (koltuk_id,sefer_id,user_id,koltuk_durum,koltukNumarasi,indirim_orani) VALUES
       (\'\',\'\',\'2\',\'rezerve\',\'8\',\'0\')')
 5 SYSTEMPATH\CodeIgniter.php(941): App\Controllers\seat2->index()
 6 SYSTEMPATH\CodeIgniter.php(502): CodeIgniter\CodeIgniter->runController(Object(App\Controllers\seat2))
 7 SYSTEMPATH\CodeIgniter.php(361): CodeIgniter\CodeIgniter->handleRequest(null, Object(Config\Cache), false)
 8 FCPATH\index.php(79): CodeIgniter\CodeIgniter->run()
ERROR - 2024-03-20 18:26:32 --> mysqli_sql_exception: Cannot add or update a child row: a foreign key constraint fails (`umuttepe_turizm`.`koltuklar`, CONSTRAINT `sefer_koltu_fk1` FOREIGN KEY (`sefer_id`) REFERENCES `seferler` (`sefer_id`)) in C:\xampp\htdocs\yazlab3\system\Database\MySQLi\Connection.php:306
Stack trace:
#0 C:\xampp\htdocs\yazlab3\system\Database\MySQLi\Connection.php(306): mysqli->query('INSERT INTO kol...', 0)
#1 C:\xampp\htdocs\yazlab3\system\Database\BaseConnection.php(693): CodeIgniter\Database\MySQLi\Connection->execute('INSERT INTO kol...')
#2 C:\xampp\htdocs\yazlab3\system\Database\BaseConnection.php(607): CodeIgniter\Database\BaseConnection->simpleQuery('INSERT INTO kol...')
#3 C:\xampp\htdocs\yazlab3\app\Controllers\seat2.php(42): CodeIgniter\Database\BaseConnection->query('INSERT INTO kol...')
#4 C:\xampp\htdocs\yazlab3\system\CodeIgniter.php(941): App\Controllers\seat2->index()
#5 C:\xampp\htdocs\yazlab3\system\CodeIgniter.php(502): CodeIgniter\CodeIgniter->runController(Object(App\Controllers\seat2))
#6 C:\xampp\htdocs\yazlab3\system\CodeIgniter.php(361): CodeIgniter\CodeIgniter->handleRequest(NULL, Object(Config\Cache), false)
#7 C:\xampp\htdocs\yazlab3\index.php(79): CodeIgniter\CodeIgniter->run()
#8 {main}
CRITICAL - 2024-03-20 18:26:32 --> CodeIgniter\Database\Exceptions\DatabaseException: Cannot add or update a child row: a foreign key constraint fails (`umuttepe_turizm`.`koltuklar`, CONSTRAINT `sefer_koltu_fk1` FOREIGN KEY (`sefer_id`) REFERENCES `seferler` (`sefer_id`))
in SYSTEMPATH\Database\BaseConnection.php on line 647.
 1 APPPATH\Controllers\seat2.php(42): CodeIgniter\Database\BaseConnection->query('INSERT INTO koltuklar (koltuk_id,sefer_id,user_id,koltuk_durum,koltukNumarasi,indirim_orani) VALUES
       (\'\',\'3\',\'2\',\'rezerve\',\'8\',\'0\')')
 2 SYSTEMPATH\CodeIgniter.php(941): App\Controllers\seat2->index()
 3 SYSTEMPATH\CodeIgniter.php(502): CodeIgniter\CodeIgniter->runController(Object(App\Controllers\seat2))
 4 SYSTEMPATH\CodeIgniter.php(361): CodeIgniter\CodeIgniter->handleRequest(null, Object(Config\Cache), false)
 5 FCPATH\index.php(79): CodeIgniter\CodeIgniter->run()
CRITICAL - 2024-03-20 18:26:32 --> [Caused by] CodeIgniter\Database\Exceptions\DatabaseException: Cannot add or update a child row: a foreign key constraint fails (`umuttepe_turizm`.`koltuklar`, CONSTRAINT `sefer_koltu_fk1` FOREIGN KEY (`sefer_id`) REFERENCES `seferler` (`sefer_id`))
in SYSTEMPATH\Database\MySQLi\Connection.php on line 311.
 1 SYSTEMPATH\Database\BaseConnection.php(693): CodeIgniter\Database\MySQLi\Connection->execute('INSERT INTO koltuklar (koltuk_id,sefer_id,user_id,koltuk_durum,koltukNumarasi,indirim_orani) VALUES
       (\'\',\'3\',\'2\',\'rezerve\',\'8\',\'0\')')
 2 SYSTEMPATH\Database\BaseConnection.php(607): CodeIgniter\Database\BaseConnection->simpleQuery('INSERT INTO koltuklar (koltuk_id,sefer_id,user_id,koltuk_durum,koltukNumarasi,indirim_orani) VALUES
       (\'\',\'3\',\'2\',\'rezerve\',\'8\',\'0\')')
 3 APPPATH\Controllers\seat2.php(42): CodeIgniter\Database\BaseConnection->query('INSERT INTO koltuklar (koltuk_id,sefer_id,user_id,koltuk_durum,koltukNumarasi,indirim_orani) VALUES
       (\'\',\'3\',\'2\',\'rezerve\',\'8\',\'0\')')
 4 SYSTEMPATH\CodeIgniter.php(941): App\Controllers\seat2->index()
 5 SYSTEMPATH\CodeIgniter.php(502): CodeIgniter\CodeIgniter->runController(Object(App\Controllers\seat2))
 6 SYSTEMPATH\CodeIgniter.php(361): CodeIgniter\CodeIgniter->handleRequest(null, Object(Config\Cache), false)
 7 FCPATH\index.php(79): CodeIgniter\CodeIgniter->run()
CRITICAL - 2024-03-20 18:26:32 --> [Caused by] mysqli_sql_exception: Cannot add or update a child row: a foreign key constraint fails (`umuttepe_turizm`.`koltuklar`, CONSTRAINT `sefer_koltu_fk1` FOREIGN KEY (`sefer_id`) REFERENCES `seferler` (`sefer_id`))
in SYSTEMPATH\Database\MySQLi\Connection.php on line 306.
 1 SYSTEMPATH\Database\MySQLi\Connection.php(306): mysqli->query('INSERT INTO koltuklar (koltuk_id,sefer_id,user_id,koltuk_durum,koltukNumarasi,indirim_orani) VALUES
       (\'\',\'3\',\'2\',\'rezerve\',\'8\',\'0\')', 0)
 2 SYSTEMPATH\Database\BaseConnection.php(693): CodeIgniter\Database\MySQLi\Connection->execute('INSERT INTO koltuklar (koltuk_id,sefer_id,user_id,koltuk_durum,koltukNumarasi,indirim_orani) VALUES
       (\'\',\'3\',\'2\',\'rezerve\',\'8\',\'0\')')
 3 SYSTEMPATH\Database\BaseConnection.php(607): CodeIgniter\Database\BaseConnection->simpleQuery('INSERT INTO koltuklar (koltuk_id,sefer_id,user_id,koltuk_durum,koltukNumarasi,indirim_orani) VALUES
       (\'\',\'3\',\'2\',\'rezerve\',\'8\',\'0\')')
 4 APPPATH\Controllers\seat2.php(42): CodeIgniter\Database\BaseConnection->query('INSERT INTO koltuklar (koltuk_id,sefer_id,user_id,koltuk_durum,koltukNumarasi,indirim_orani) VALUES
       (\'\',\'3\',\'2\',\'rezerve\',\'8\',\'0\')')
 5 SYSTEMPATH\CodeIgniter.php(941): App\Controllers\seat2->index()
 6 SYSTEMPATH\CodeIgniter.php(502): CodeIgniter\CodeIgniter->runController(Object(App\Controllers\seat2))
 7 SYSTEMPATH\CodeIgniter.php(361): CodeIgniter\CodeIgniter->handleRequest(null, Object(Config\Cache), false)
 8 FCPATH\index.php(79): CodeIgniter\CodeIgniter->run()
CRITICAL - 2024-03-20 18:27:06 --> ErrorException: Undefined array key "gidis-tarihi"
in APPPATH\Controllers\seat2.php on line 9.
 1 APPPATH\Controllers\seat2.php(9): CodeIgniter\Debug\Exceptions->errorHandler(2, 'Undefined array key "gidis-tarihi"', 'C:\\xampp\\htdocs\\yazlab3\\app\\Controllers\\seat2.php', 9)
 2 SYSTEMPATH\CodeIgniter.php(941): App\Controllers\seat2->index()
 3 SYSTEMPATH\CodeIgniter.php(502): CodeIgniter\CodeIgniter->runController(Object(App\Controllers\seat2))
 4 SYSTEMPATH\CodeIgniter.php(361): CodeIgniter\CodeIgniter->handleRequest(null, Object(Config\Cache), false)
 5 FCPATH\index.php(79): CodeIgniter\CodeIgniter->run()
CRITICAL - 2024-03-20 18:27:51 --> ErrorException: Undefined array key "gidis-tarihi"
in APPPATH\Controllers\seat2.php on line 15.
 1 APPPATH\Controllers\seat2.php(15): CodeIgniter\Debug\Exceptions->errorHandler(2, 'Undefined array key "gidis-tarihi"', 'C:\\xampp\\htdocs\\yazlab3\\app\\Controllers\\seat2.php', 15)
 2 SYSTEMPATH\CodeIgniter.php(941): App\Controllers\seat2->index()
 3 SYSTEMPATH\CodeIgniter.php(502): CodeIgniter\CodeIgniter->runController(Object(App\Controllers\seat2))
 4 SYSTEMPATH\CodeIgniter.php(361): CodeIgniter\CodeIgniter->handleRequest(null, Object(Config\Cache), false)
 5 FCPATH\index.php(79): CodeIgniter\CodeIgniter->run()
CRITICAL - 2024-03-20 19:00:42 --> ErrorException: ini_set(): Session ini settings cannot be changed when a session is active
in SYSTEMPATH\Session\Handlers\FileHandler.php on line 72.
 1 [internal function]: CodeIgniter\Debug\Exceptions->errorHandler(2, 'ini_set(): Session ini settings cannot be changed when a session is active', 'C:\\xampp\\htdocs\\yazlab3\\system\\Session\\Handlers\\FileHandler.php', 72)
 2 SYSTEMPATH\Session\Handlers\FileHandler.php(72): ini_set('session.save_path', 'C:\\xampp\\htdocs\\yazlab3\\writable\\session')
 3 SYSTEMPATH\Config\Services.php(686): CodeIgniter\Session\Handlers\FileHandler->__construct(Object(Config\Session), '::1')
 4 SYSTEMPATH\Config\BaseService.php(258): CodeIgniter\Config\Services::session(Object(Config\Session), false)
 5 SYSTEMPATH\Config\BaseService.php(199): CodeIgniter\Config\BaseService::__callStatic('session', [...])
 6 SYSTEMPATH\Config\Services.php(664): CodeIgniter\Config\BaseService::getSharedInstance('session', null)
 7 SYSTEMPATH\Config\BaseService.php(258): CodeIgniter\Config\Services::session()
 8 SYSTEMPATH\Common.php(982): CodeIgniter\Config\BaseService::__callStatic('session', [])
 9 SYSTEMPATH\CodeIgniter.php(1068): session()
10 SYSTEMPATH\CodeIgniter.php(549): CodeIgniter\CodeIgniter->storePreviousURL(Object(CodeIgniter\HTTP\SiteURI))
11 SYSTEMPATH\CodeIgniter.php(361): CodeIgniter\CodeIgniter->handleRequest(null, Object(Config\Cache), false)
12 FCPATH\index.php(79): CodeIgniter\CodeIgniter->run()
CRITICAL - 2024-03-20 19:01:10 --> ErrorException: Undefined array key "gidis-tarihi"
in APPPATH\Controllers\seat2.php on line 16.
 1 APPPATH\Controllers\seat2.php(16): CodeIgniter\Debug\Exceptions->errorHandler(2, 'Undefined array key "gidis-tarihi"', 'C:\\xampp\\htdocs\\yazlab3\\app\\Controllers\\seat2.php', 16)
 2 SYSTEMPATH\CodeIgniter.php(941): App\Controllers\seat2->index()
 3 SYSTEMPATH\CodeIgniter.php(502): CodeIgniter\CodeIgniter->runController(Object(App\Controllers\seat2))
 4 SYSTEMPATH\CodeIgniter.php(361): CodeIgniter\CodeIgniter->handleRequest(null, Object(Config\Cache), false)
 5 FCPATH\index.php(79): CodeIgniter\CodeIgniter->run()
CRITICAL - 2024-03-20 19:09:44 --> ErrorException: Undefined array key "gidis-tarihi-hidden"
in APPPATH\Controllers\seat2.php on line 16.
 1 APPPATH\Controllers\seat2.php(16): CodeIgniter\Debug\Exceptions->errorHandler(2, 'Undefined array key "gidis-tarihi-hidden"', 'C:\\xampp\\htdocs\\yazlab3\\app\\Controllers\\seat2.php', 16)
 2 SYSTEMPATH\CodeIgniter.php(941): App\Controllers\seat2->index()
 3 SYSTEMPATH\CodeIgniter.php(502): CodeIgniter\CodeIgniter->runController(Object(App\Controllers\seat2))
 4 SYSTEMPATH\CodeIgniter.php(361): CodeIgniter\CodeIgniter->handleRequest(null, Object(Config\Cache), false)
 5 FCPATH\index.php(79): CodeIgniter\CodeIgniter->run()
CRITICAL - 2024-03-20 19:11:42 --> ErrorException: Undefined variable $sefer_id
in APPPATH\Controllers\seat2.php on line 61.
 1 APPPATH\Controllers\seat2.php(61): CodeIgniter\Debug\Exceptions->errorHandler(2, 'Undefined variable $sefer_id', 'C:\\xampp\\htdocs\\yazlab3\\app\\Controllers\\seat2.php', 61)
 2 SYSTEMPATH\CodeIgniter.php(941): App\Controllers\seat2->index()
 3 SYSTEMPATH\CodeIgniter.php(502): CodeIgniter\CodeIgniter->runController(Object(App\Controllers\seat2))
 4 SYSTEMPATH\CodeIgniter.php(361): CodeIgniter\CodeIgniter->handleRequest(null, Object(Config\Cache), false)
 5 FCPATH\index.php(79): CodeIgniter\CodeIgniter->run()
CRITICAL - 2024-03-20 19:38:14 --> ErrorException: Undefined variable $gidisTarihi
in APPPATH\Controllers\seat2.php on line 19.
 1 APPPATH\Controllers\seat2.php(19): CodeIgniter\Debug\Exceptions->errorHandler(2, 'Undefined variable $gidisTarihi', 'C:\\xampp\\htdocs\\yazlab3\\app\\Controllers\\seat2.php', 19)
 2 SYSTEMPATH\CodeIgniter.php(941): App\Controllers\seat2->index()
 3 SYSTEMPATH\CodeIgniter.php(502): CodeIgniter\CodeIgniter->runController(Object(App\Controllers\seat2))
 4 SYSTEMPATH\CodeIgniter.php(361): CodeIgniter\CodeIgniter->handleRequest(null, Object(Config\Cache), false)
 5 FCPATH\index.php(79): CodeIgniter\CodeIgniter->run()
ERROR - 2024-03-20 19:50:01 --> mysqli_sql_exception: You have an error in your SQL syntax; check the manual that corresponds to your MariaDB server version for the right syntax to use near ''' at line 1 in C:\xampp\htdocs\yazlab3\system\Database\MySQLi\Connection.php:306
Stack trace:
#0 C:\xampp\htdocs\yazlab3\system\Database\MySQLi\Connection.php(306): mysqli->query('SELECT * FROM `...', 0)
#1 C:\xampp\htdocs\yazlab3\system\Database\BaseConnection.php(693): CodeIgniter\Database\MySQLi\Connection->execute('SELECT * FROM `...')
#2 C:\xampp\htdocs\yazlab3\system\Database\BaseConnection.php(607): CodeIgniter\Database\BaseConnection->simpleQuery('SELECT * FROM `...')
#3 C:\xampp\htdocs\yazlab3\app\Controllers\seat2.php(53): CodeIgniter\Database\BaseConnection->query('SELECT * FROM `...')
#4 C:\xampp\htdocs\yazlab3\system\CodeIgniter.php(941): App\Controllers\seat2->index()
#5 C:\xampp\htdocs\yazlab3\system\CodeIgniter.php(502): CodeIgniter\CodeIgniter->runController(Object(App\Controllers\seat2))
#6 C:\xampp\htdocs\yazlab3\system\CodeIgniter.php(361): CodeIgniter\CodeIgniter->handleRequest(NULL, Object(Config\Cache), false)
#7 C:\xampp\htdocs\yazlab3\index.php(79): CodeIgniter\CodeIgniter->run()
#8 {main}
CRITICAL - 2024-03-20 19:50:01 --> CodeIgniter\Database\Exceptions\DatabaseException: You have an error in your SQL syntax; check the manual that corresponds to your MariaDB server version for the right syntax to use near ''' at line 1
in SYSTEMPATH\Database\BaseConnection.php on line 647.
 1 APPPATH\Controllers\seat2.php(53): CodeIgniter\Database\BaseConnection->query('SELECT * FROM `seferler` WHERE kalkis_saati =ogrenci\'')
 2 SYSTEMPATH\CodeIgniter.php(941): App\Controllers\seat2->index()
 3 SYSTEMPATH\CodeIgniter.php(502): CodeIgniter\CodeIgniter->runController(Object(App\Controllers\seat2))
 4 SYSTEMPATH\CodeIgniter.php(361): CodeIgniter\CodeIgniter->handleRequest(null, Object(Config\Cache), false)
 5 FCPATH\index.php(79): CodeIgniter\CodeIgniter->run()
CRITICAL - 2024-03-20 19:50:01 --> [Caused by] CodeIgniter\Database\Exceptions\DatabaseException: You have an error in your SQL syntax; check the manual that corresponds to your MariaDB server version for the right syntax to use near ''' at line 1
in SYSTEMPATH\Database\MySQLi\Connection.php on line 311.
 1 SYSTEMPATH\Database\BaseConnection.php(693): CodeIgniter\Database\MySQLi\Connection->execute('SELECT * FROM `seferler` WHERE kalkis_saati =ogrenci\'')
 2 SYSTEMPATH\Database\BaseConnection.php(607): CodeIgniter\Database\BaseConnection->simpleQuery('SELECT * FROM `seferler` WHERE kalkis_saati =ogrenci\'')
 3 APPPATH\Controllers\seat2.php(53): CodeIgniter\Database\BaseConnection->query('SELECT * FROM `seferler` WHERE kalkis_saati =ogrenci\'')
 4 SYSTEMPATH\CodeIgniter.php(941): App\Controllers\seat2->index()
 5 SYSTEMPATH\CodeIgniter.php(502): CodeIgniter\CodeIgniter->runController(Object(App\Controllers\seat2))
 6 SYSTEMPATH\CodeIgniter.php(361): CodeIgniter\CodeIgniter->handleRequest(null, Object(Config\Cache), false)
 7 FCPATH\index.php(79): CodeIgniter\CodeIgniter->run()
CRITICAL - 2024-03-20 19:50:01 --> [Caused by] mysqli_sql_exception: You have an error in your SQL syntax; check the manual that corresponds to your MariaDB server version for the right syntax to use near ''' at line 1
in SYSTEMPATH\Database\MySQLi\Connection.php on line 306.
 1 SYSTEMPATH\Database\MySQLi\Connection.php(306): mysqli->query('SELECT * FROM `seferler` WHERE kalkis_saati =ogrenci\'', 0)
 2 SYSTEMPATH\Database\BaseConnection.php(693): CodeIgniter\Database\MySQLi\Connection->execute('SELECT * FROM `seferler` WHERE kalkis_saati =ogrenci\'')
 3 SYSTEMPATH\Database\BaseConnection.php(607): CodeIgniter\Database\BaseConnection->simpleQuery('SELECT * FROM `seferler` WHERE kalkis_saati =ogrenci\'')
 4 APPPATH\Controllers\seat2.php(53): CodeIgniter\Database\BaseConnection->query('SELECT * FROM `seferler` WHERE kalkis_saati =ogrenci\'')
 5 SYSTEMPATH\CodeIgniter.php(941): App\Controllers\seat2->index()
 6 SYSTEMPATH\CodeIgniter.php(502): CodeIgniter\CodeIgniter->runController(Object(App\Controllers\seat2))
 7 SYSTEMPATH\CodeIgniter.php(361): CodeIgniter\CodeIgniter->handleRequest(null, Object(Config\Cache), false)
 8 FCPATH\index.php(79): CodeIgniter\CodeIgniter->run()
ERROR - 2024-03-20 19:56:53 --> mysqli_sql_exception: You have an error in your SQL syntax; check the manual that corresponds to your MariaDB server version for the right syntax to use near ''' at line 1 in C:\xampp\htdocs\yazlab3\system\Database\MySQLi\Connection.php:306
Stack trace:
#0 C:\xampp\htdocs\yazlab3\system\Database\MySQLi\Connection.php(306): mysqli->query('SELECT * FROM `...', 0)
#1 C:\xampp\htdocs\yazlab3\system\Database\BaseConnection.php(693): CodeIgniter\Database\MySQLi\Connection->execute('SELECT * FROM `...')
#2 C:\xampp\htdocs\yazlab3\system\Database\BaseConnection.php(607): CodeIgniter\Database\BaseConnection->simpleQuery('SELECT * FROM `...')
#3 C:\xampp\htdocs\yazlab3\app\Controllers\seat2.php(53): CodeIgniter\Database\BaseConnection->query('SELECT * FROM `...')
#4 C:\xampp\htdocs\yazlab3\system\CodeIgniter.php(941): App\Controllers\seat2->index()
#5 C:\xampp\htdocs\yazlab3\system\CodeIgniter.php(502): CodeIgniter\CodeIgniter->runController(Object(App\Controllers\seat2))
#6 C:\xampp\htdocs\yazlab3\system\CodeIgniter.php(361): CodeIgniter\CodeIgniter->handleRequest(NULL, Object(Config\Cache), false)
#7 C:\xampp\htdocs\yazlab3\index.php(79): CodeIgniter\CodeIgniter->run()
#8 {main}
CRITICAL - 2024-03-20 19:56:53 --> CodeIgniter\Database\Exceptions\DatabaseException: You have an error in your SQL syntax; check the manual that corresponds to your MariaDB server version for the right syntax to use near ''' at line 1
in SYSTEMPATH\Database\BaseConnection.php on line 647.
 1 APPPATH\Controllers\seat2.php(53): CodeIgniter\Database\BaseConnection->query('SELECT * FROM `seferler` WHERE kalkis_saati =memur\'')
 2 SYSTEMPATH\CodeIgniter.php(941): App\Controllers\seat2->index()
 3 SYSTEMPATH\CodeIgniter.php(502): CodeIgniter\CodeIgniter->runController(Object(App\Controllers\seat2))
 4 SYSTEMPATH\CodeIgniter.php(361): CodeIgniter\CodeIgniter->handleRequest(null, Object(Config\Cache), false)
 5 FCPATH\index.php(79): CodeIgniter\CodeIgniter->run()
CRITICAL - 2024-03-20 19:56:53 --> [Caused by] CodeIgniter\Database\Exceptions\DatabaseException: You have an error in your SQL syntax; check the manual that corresponds to your MariaDB server version for the right syntax to use near ''' at line 1
in SYSTEMPATH\Database\MySQLi\Connection.php on line 311.
 1 SYSTEMPATH\Database\BaseConnection.php(693): CodeIgniter\Database\MySQLi\Connection->execute('SELECT * FROM `seferler` WHERE kalkis_saati =memur\'')
 2 SYSTEMPATH\Database\BaseConnection.php(607): CodeIgniter\Database\BaseConnection->simpleQuery('SELECT * FROM `seferler` WHERE kalkis_saati =memur\'')
 3 APPPATH\Controllers\seat2.php(53): CodeIgniter\Database\BaseConnection->query('SELECT * FROM `seferler` WHERE kalkis_saati =memur\'')
 4 SYSTEMPATH\CodeIgniter.php(941): App\Controllers\seat2->index()
 5 SYSTEMPATH\CodeIgniter.php(502): CodeIgniter\CodeIgniter->runController(Object(App\Controllers\seat2))
 6 SYSTEMPATH\CodeIgniter.php(361): CodeIgniter\CodeIgniter->handleRequest(null, Object(Config\Cache), false)
 7 FCPATH\index.php(79): CodeIgniter\CodeIgniter->run()
CRITICAL - 2024-03-20 19:56:53 --> [Caused by] mysqli_sql_exception: You have an error in your SQL syntax; check the manual that corresponds to your MariaDB server version for the right syntax to use near ''' at line 1
in SYSTEMPATH\Database\MySQLi\Connection.php on line 306.
 1 SYSTEMPATH\Database\MySQLi\Connection.php(306): mysqli->query('SELECT * FROM `seferler` WHERE kalkis_saati =memur\'', 0)
 2 SYSTEMPATH\Database\BaseConnection.php(693): CodeIgniter\Database\MySQLi\Connection->execute('SELECT * FROM `seferler` WHERE kalkis_saati =memur\'')
 3 SYSTEMPATH\Database\BaseConnection.php(607): CodeIgniter\Database\BaseConnection->simpleQuery('SELECT * FROM `seferler` WHERE kalkis_saati =memur\'')
 4 APPPATH\Controllers\seat2.php(53): CodeIgniter\Database\BaseConnection->query('SELECT * FROM `seferler` WHERE kalkis_saati =memur\'')
 5 SYSTEMPATH\CodeIgniter.php(941): App\Controllers\seat2->index()
 6 SYSTEMPATH\CodeIgniter.php(502): CodeIgniter\CodeIgniter->runController(Object(App\Controllers\seat2))
 7 SYSTEMPATH\CodeIgniter.php(361): CodeIgniter\CodeIgniter->handleRequest(null, Object(Config\Cache), false)
 8 FCPATH\index.php(79): CodeIgniter\CodeIgniter->run()
CRITICAL - 2024-03-20 20:11:57 --> ErrorException: Undefined variable $sefersaat
in APPPATH\Controllers\seat2.php on line 60.
 1 APPPATH\Controllers\seat2.php(60): CodeIgniter\Debug\Exceptions->errorHandler(2, 'Undefined variable $sefersaat', 'C:\\xampp\\htdocs\\yazlab3\\app\\Controllers\\seat2.php', 60)
 2 SYSTEMPATH\CodeIgniter.php(941): App\Controllers\seat2->index()
 3 SYSTEMPATH\CodeIgniter.php(502): CodeIgniter\CodeIgniter->runController(Object(App\Controllers\seat2))
 4 SYSTEMPATH\CodeIgniter.php(361): CodeIgniter\CodeIgniter->handleRequest(null, Object(Config\Cache), false)
 5 FCPATH\index.php(79): CodeIgniter\CodeIgniter->run()
